03-03 10:37:01 - dataId=key ,group=com.olymtech.encryption ,content=TEST
03-03 10:37:01 - dataId=jdbc.properties ,group=com.olymtech.nebula.dao ,content=aliyun.api.driver=com.mysql.jdbc.Driver
aliyun.api.url=jdbc:mysql://192.168.2.185:3306/nebula?useUnicode=true&characterEncoding=utf8
aliyun.api.username=root
aliyun.api.password=hellomonitor

# Time to wait for an open connection before timing out
# (in milliseconds)
pool.checkoutTimeout=10000

# Connection pool size
pool.minPoolSize=5
pool.maxPoolSize=50

# How long to keep unused connections around(in seconds)
# Note: MySQL times out idle connections after 8 hours(28,800 seconds)
# so ensure this value is below MySQL idle timeout
pool.maxIdleTime=25200

# How long to hang on to excess unused connections after traffic spike
# (in seconds)
pool.maxIdleTimeExcessConnections=1800

# Acquiring new connections is slow, so eagerly retrieve extra connections
# when current pool size is reached
pool.acquireIncrement=5
03-03 10:37:21 - dataId=key ,group=com.olymtech.encryption ,content=TEST
03-03 10:37:21 - dataId=jdbc.properties ,group=com.olymtech.nebula.dao ,content=aliyun.api.driver=com.mysql.jdbc.Driver
aliyun.api.url=jdbc:mysql://192.168.2.185:3306/nebula?useUnicode=true&characterEncoding=utf8
aliyun.api.username=root
aliyun.api.password=hellomonitor

# Time to wait for an open connection before timing out
# (in milliseconds)
pool.checkoutTimeout=10000

# Connection pool size
pool.minPoolSize=5
pool.maxPoolSize=50

# How long to keep unused connections around(in seconds)
# Note: MySQL times out idle connections after 8 hours(28,800 seconds)
# so ensure this value is below MySQL idle timeout
pool.maxIdleTime=25200

# How long to hang on to excess unused connections after traffic spike
# (in seconds)
pool.maxIdleTimeExcessConnections=1800

# Acquiring new connections is slow, so eagerly retrieve extra connections
# when current pool size is reached
pool.acquireIncrement=5
03-03 10:37:21 - dataId=ops.properties ,group=com.olymtech.ops.common ,content=starry.api.url=http://starry.dev.200jit.com:8080/starry-aliyun-api
arsenal.api.url=http://arsenal.dev.200jit.com:8080/arsenal-web
roman.api.url=http://roman.dev.200jit.com:8080
zookeeper.registry.address=zookeeper://ywzk.dev.200jit.com:2181
elk.server.ip=121.40.51.107

